#-----------------------------------------------------------
# Vivado v2020.1 (64-bit)
# SW Build 2902540 on Wed May 27 19:54:49 MDT 2020
# IP Build 2902112 on Wed May 27 22:43:36 MDT 2020
# Start of session at: Mon Apr  3 18:01:34 2023
# Process ID: 10268
# Current directory: D:/YANLIU/KULeuven/course/master/thesis/Project/IP/ip_apb_comb
# Command line: vivado.exe -gui_launcher_event rodinguilauncherevent7804 D:\YANLIU\KULeuven\course\master\thesis\Project\IP\ip_apb_comb\ip_apb_comb.xpr
# Log file: D:/YANLIU/KULeuven/course/master/thesis/Project/IP/ip_apb_comb/vivado.log
# Journal file: D:/YANLIU/KULeuven/course/master/thesis/Project/IP/ip_apb_comb\vivado.jou
#-----------------------------------------------------------
start_gui
open_project D:/YANLIU/KULeuven/course/master/thesis/Project/IP/ip_apb_comb/ip_apb_comb.xpr
Scanning sources...
Finished scanning sources
INFO: [IP_Flow 19-234] Refreshing IP repositories
INFO: [IP_Flow 19-1700] Loaded user IP repository 'd:/YANLIU/KULeuven/course/master/thesis/Project/IP/ip_apb_comb/ip_apb_comb.srcs/sources_1/new'.
INFO: [IP_Flow 19-2313] Loaded Vivado IP repository 'D:/Xilinx/Vivado/2020.1/data/ip'.
update_compile_order -fileset sources_1
ipx::open_ipxact_file D:/YANLIU/KULeuven/course/master/thesis/Project/IP/ip_apb_comb/ip_apb_comb.srcs/sources_1/new/component.xml
WARNING: [IP_Flow 19-5226] Project source file 'd:/YANLIU/KULeuven/course/master/thesis/Project/IP/ip_apb_comb/ip_apb_comb.srcs/sources_1/new/component.xml' ignored by IP packager.
WARNING: [IP_Flow 19-3898] File Group 'xilinx_anylanguagesynthesis (Synthesis)': File 'd:/YANLIU/KULeuven/course/master/thesis/Project/IP/ip_apb_comb/ip_apb_comb.srcs/sources_1/new/apb_comb.v' is not found in the project sources. It will be removed from the packaged IP when the sources are merged. If still required, please add this file to the project and re-package.
WARNING: [IP_Flow 19-3898] File Group 'xilinx_anylanguagebehavioralsimulation (Simulation)': File 'd:/YANLIU/KULeuven/course/master/thesis/Project/IP/ip_apb_comb/ip_apb_comb.srcs/sources_1/new/apb_comb.v' is not found in the project sources. It will be removed from the packaged IP when the sources are merged. If still required, please add this file to the project and re-package.
ipx::merge_project_changes hdl_parameters [ipx::current_core]
WARNING: [IP_Flow 19-5226] Project source file 'd:/YANLIU/KULeuven/course/master/thesis/Project/IP/ip_apb_comb/ip_apb_comb.srcs/sources_1/new/component.xml' ignored by IP packager.
set_property core_revision 3 [ipx::current_core]
ipx::create_xgui_files [ipx::current_core]
ipx::update_checksums [ipx::current_core]
ipx::save_core [ipx::current_core]
update_ip_catalog -rebuild -repo_path d:/YANLIU/KULeuven/course/master/thesis/Project/IP/ip_apb_comb/ip_apb_comb.srcs/sources_1/new
INFO: [IP_Flow 19-725] Reloaded user IP repository 'd:/YANLIU/KULeuven/course/master/thesis/Project/IP/ip_apb_comb/ip_apb_comb.srcs/sources_1/new'
