#-----------------------------------------------------------
# Vivado v2020.1 (64-bit)
# SW Build 2902540 on Wed May 27 19:54:49 MDT 2020
# IP Build 2902112 on Wed May 27 22:43:36 MDT 2020
# Start of session at: Mon Apr  3 18:40:14 2023
# Process ID: 2840
# Current directory: D:/YANLIU/KULeuven/course/master/thesis/Project/IP/ip_apb_comb
# Command line: vivado.exe -gui_launcher_event rodinguilauncherevent13264 D:\YANLIU\KULeuven\course\master\thesis\Project\IP\ip_apb_comb\ip_apb_comb.xpr
# Log file: D:/YANLIU/KULeuven/course/master/thesis/Project/IP/ip_apb_comb/vivado.log
# Journal file: D:/YANLIU/KULeuven/course/master/thesis/Project/IP/ip_apb_comb\vivado.jou
#-----------------------------------------------------------
start_gui
open_project D:/YANLIU/KULeuven/course/master/thesis/Project/IP/ip_apb_comb/ip_apb_comb.xpr
Scanning sources...
Finished scanning sources
INFO: [IP_Flow 19-234] Refreshing IP repositories
INFO: [IP_Flow 19-1700] Loaded user IP repository 'd:/YANLIU/KULeuven/course/master/thesis/Project/IP/ip_apb_comb/ip_apb_comb.srcs/sources_1/new'.
INFO: [IP_Flow 19-2313] Loaded Vivado IP repository 'D:/Xilinx/Vivado/2020.1/data/ip'.
open_project: Time (s): cpu = 00:00:19 ; elapsed = 00:00:06 . Memory (MB): peak = 1195.223 ; gain = 0.000
update_compile_order -fileset sources_1
exit
INFO: [Common 17-206] Exiting Vivado at Mon Apr  3 19:24:47 2023...
