#-----------------------------------------------------------
# Vivado v2020.1 (64-bit)
# SW Build 2902540 on Wed May 27 19:54:49 MDT 2020
# IP Build 2902112 on Wed May 27 22:43:36 MDT 2020
# Start of session at: Sat Apr 22 14:00:16 2023
# Process ID: 12416
# Current directory: C:/Users/Gebruiker/Downloads/IP/ip_apb_comb
# Command line: vivado.exe -gui_launcher_event rodinguilauncherevent7872 C:\Users\Gebruiker\Downloads\IP\ip_apb_comb\ip_apb_comb.xpr
# Log file: C:/Users/Gebruiker/Downloads/IP/ip_apb_comb/vivado.log
# Journal file: C:/Users/Gebruiker/Downloads/IP/ip_apb_comb\vivado.jou
#-----------------------------------------------------------
start_gui
open_project C:/Users/Gebruiker/Downloads/IP/ip_apb_comb/ip_apb_comb.xpr
INFO: [Project 1-313] Project file moved from 'D:/YANLIU/KULeuven/course/master/thesis/Project/IP/ip_apb_comb' since last save.
Scanning sources...
Finished scanning sources
INFO: [IP_Flow 19-234] Refreshing IP repositories
INFO: [IP_Flow 19-1700] Loaded user IP repository 'c:/Users/Gebruiker/Downloads/IP/ip_apb_comb/ip_apb_comb.srcs/sources_1/new'.
INFO: [IP_Flow 19-2313] Loaded Vivado IP repository 'C:/Xilinx/Vivado/2020.1/data/ip'.
update_compile_order -fileset sources_1
close_project
open_project C:/Users/Gebruiker/Downloads/IP/ip_pitch_shifting_real/tmp_edit_project.xpr
CRITICAL WARNING: [Project 1-19] Could not find the file 'C:/../../../YANLIU/KULeuven/course/master/thesis/Project/IP/ip_pitch_shifting_real/src/pitch_shifting.v'.
WARNING: [filemgmt 56-99] Vivado Synthesis ignores library specification for Verilog or SystemVerilog files. [C:/../../../YANLIU/KULeuven/course/master/thesis/Project/IP/ip_pitch_shifting_real/src/pitch_shifting.v:]
CRITICAL WARNING: [Project 1-19] Could not find the file 'C:/../../../YANLIU/KULeuven/course/master/thesis/Project/IP/ip_pitch_shifting_real/component.xml'.
Scanning sources...
Finished scanning sources
WARNING: [filemgmt 56-3] Default IP Output Path : Could not find the directory 'C:/Users/Gebruiker/Downloads/IP/ip_pitch_shifting_real/tmp_edit_project.srcs/sources_1'.
INFO: [IP_Flow 19-234] Refreshing IP repositories
INFO: [IP_Flow 19-1704] No user IP repositories specified
INFO: [IP_Flow 19-2313] Loaded Vivado IP repository 'C:/Xilinx/Vivado/2020.1/data/ip'.
update_compile_order -fileset sources_1
close_project
exit
INFO: [Common 17-206] Exiting Vivado at Sat Apr 22 14:03:10 2023...
