#-----------------------------------------------------------
# Vivado v2020.1 (64-bit)
# SW Build 2902540 on Wed May 27 19:54:49 MDT 2020
# IP Build 2902112 on Wed May 27 22:43:36 MDT 2020
# Start of session at: Fri Apr  7 12:59:03 2023
# Process ID: 7172
# Current directory: D:/YANLIU/KULeuven/course/master/thesis/Project/IP/EQ
# Command line: vivado.exe -gui_launcher_event rodinguilauncherevent11244 D:\YANLIU\KULeuven\course\master\thesis\Project\IP\EQ\EQ.xpr
# Log file: D:/YANLIU/KULeuven/course/master/thesis/Project/IP/EQ/vivado.log
# Journal file: D:/YANLIU/KULeuven/course/master/thesis/Project/IP/EQ\vivado.jou
#-----------------------------------------------------------
start_gui
open_project D:/YANLIU/KULeuven/course/master/thesis/Project/IP/EQ/EQ.xpr
Scanning sources...
Finished scanning sources
INFO: [IP_Flow 19-234] Refreshing IP repositories
INFO: [IP_Flow 19-1700] Loaded user IP repository 'd:/YANLIU/KULeuven/course/master/thesis/Project/IP/EQ/EQ.srcs/sources_1/new'.
INFO: [IP_Flow 19-2313] Loaded Vivado IP repository 'D:/Xilinx/Vivado/2020.1/data/ip'.
open_project: Time (s): cpu = 00:00:17 ; elapsed = 00:00:06 . Memory (MB): peak = 1196.133 ; gain = 0.000
update_compile_order -fileset sources_1
exit
INFO: [Common 17-206] Exiting Vivado at Fri Apr  7 13:02:48 2023...
