Copyright 1986-2020 Xilinx, Inc. All Rights Reserved.
----------------------------------------------------------------------------------------------------------------------------------------------------------------------
| Tool Version     : Vivado v.2020.1 (win64) Build 2902540 Wed May 27 19:54:49 MDT 2020
| Date             : Sun May 14 22:40:18 2023
| Host             : LAPTOP-TOFUI26C running 64-bit major release  (build 9200)
| Command          : report_power -file design_2_wrapper_power_routed.rpt -pb design_2_wrapper_power_summary_routed.pb -rpx design_2_wrapper_power_routed.rpx
| Design           : design_2_wrapper
| Device           : xc7z020clg400-1
| Design State     : routed
| Grade            : commercial
| Process          : typical
| Characterization : Production
----------------------------------------------------------------------------------------------------------------------------------------------------------------------

Power Report

Table of Contents
-----------------
1. Summary
1.1 On-Chip Components
1.2 Power Supply Summary
1.3 Confidence Level
2. Settings
2.1 Environment
2.2 Clock Constraints
3. Detailed Reports
3.1 By Hierarchy

1. Summary
----------

+--------------------------+--------------+
| Total On-Chip Power (W)  | 1.579        |
| Design Power Budget (W)  | Unspecified* |
| Power Budget Margin (W)  | NA           |
| Dynamic (W)              | 1.437        |
| Device Static (W)        | 0.142        |
| Effective TJA (C/W)      | 11.5         |
| Max Ambient (C)          | 66.8         |
| Junction Temperature (C) | 43.2         |
| Confidence Level         | Low          |
| Setting File             | ---          |
| Simulation Activity File | ---          |
| Design Nets Matched      | NA           |
+--------------------------+--------------+
* Specify Design Power Budget using, set_operating_conditions -design_power_budget <value in Watts>


1.1 On-Chip Components
----------------------

+-------------------------+-----------+----------+-----------+-----------------+
| On-Chip                 | Power (W) | Used     | Available | Utilization (%) |
+-------------------------+-----------+----------+-----------+-----------------+
| Clocks                  |     0.022 |        6 |       --- |             --- |
| Slice Logic             |     0.006 |    36837 |       --- |             --- |
|   LUT as Logic          |     0.005 |     7733 |     53200 |           14.54 |
|   CARRY4                |    <0.001 |      725 |     13300 |            5.45 |
|   Register              |    <0.001 |    12222 |    106400 |           11.49 |
|   LUT as Shift Register |    <0.001 |    11688 |     17400 |           67.17 |
|   F7/F8 Muxes           |    <0.001 |       12 |     53200 |            0.02 |
|   Others                |     0.000 |      317 |       --- |             --- |
| Signals                 |     0.009 |    28526 |       --- |             --- |
| Block RAM               |     0.001 |        2 |       140 |            1.43 |
| MMCM                    |     0.122 |        1 |         4 |           25.00 |
| DSPs                    |     0.017 |      201 |       220 |           91.36 |
| I/O                     |     0.004 |       20 |       125 |           16.00 |
| PS7                     |     1.256 |        1 |       --- |             --- |
| Static Power            |     0.142 |          |           |                 |
| Total                   |     1.579 |          |           |                 |
+-------------------------+-----------+----------+-----------+-----------------+


1.2 Power Supply Summary
------------------------

+-----------+-------------+-----------+-------------+------------+-------------+-------------+------------+
| Source    | Voltage (V) | Total (A) | Dynamic (A) | Static (A) | Powerup (A) | Budget (A)  | Margin (A) |
+-----------+-------------+-----------+-------------+------------+-------------+-------------+------------+
| Vccint    |       1.000 |     0.069 |       0.055 |      0.014 |       NA    | Unspecified | NA         |
| Vccaux    |       1.800 |     0.083 |       0.068 |      0.015 |       NA    | Unspecified | NA         |
| Vcco33    |       3.300 |     0.002 |       0.001 |      0.001 |       NA    | Unspecified | NA         |
| Vcco25    |       2.500 |     0.000 |       0.000 |      0.000 |       NA    | Unspecified | NA         |
| Vcco18    |       1.800 |     0.000 |       0.000 |      0.000 |       NA    | Unspecified | NA         |
| Vcco15    |       1.500 |     0.000 |       0.000 |      0.000 |       NA    | Unspecified | NA         |
| Vcco135   |       1.350 |     0.000 |       0.000 |      0.000 |       NA    | Unspecified | NA         |
| Vcco12    |       1.200 |     0.000 |       0.000 |      0.000 |       NA    | Unspecified | NA         |
| Vccaux_io |       1.800 |     0.000 |       0.000 |      0.000 |       NA    | Unspecified | NA         |
| Vccbram   |       1.000 |     0.001 |       0.000 |      0.001 |       NA    | Unspecified | NA         |
| MGTAVcc   |       1.000 |     0.000 |       0.000 |      0.000 |       NA    | Unspecified | NA         |
| MGTAVtt   |       1.200 |     0.000 |       0.000 |      0.000 |       NA    | Unspecified | NA         |
| MGTVccaux |       1.800 |     0.000 |       0.000 |      0.000 |       NA    | Unspecified | NA         |
| Vccpint   |       1.000 |     0.676 |       0.647 |      0.029 |       NA    | Unspecified | NA         |
| Vccpaux   |       1.800 |     0.036 |       0.026 |      0.010 |       NA    | Unspecified | NA         |
| Vccpll    |       1.800 |     0.017 |       0.014 |      0.003 |       NA    | Unspecified | NA         |
| Vcco_ddr  |       1.500 |     0.354 |       0.352 |      0.002 |       NA    | Unspecified | NA         |
| Vcco_mio0 |       3.300 |     0.003 |       0.002 |      0.001 |       NA    | Unspecified | NA         |
| Vcco_mio1 |       1.800 |     0.003 |       0.002 |      0.001 |       NA    | Unspecified | NA         |
| Vccadc    |       1.800 |     0.020 |       0.000 |      0.020 |       NA    | Unspecified | NA         |
+-----------+-------------+-----------+-------------+------------+-------------+-------------+------------+


1.3 Confidence Level
--------------------

+-----------------------------+------------+--------------------------------------------------------+------------------------------------------------------------------------------------------------------------+
| User Input Data             | Confidence | Details                                                | Action                                                                                                     |
+-----------------------------+------------+--------------------------------------------------------+------------------------------------------------------------------------------------------------------------+
| Design implementation state | High       | Design is routed                                       |                                                                                                            |
| Clock nodes activity        | High       | User specified more than 95% of clocks                 |                                                                                                            |
| I/O nodes activity          | Low        | More than 75% of inputs are missing user specification | Provide missing input activity with simulation results or by editing the "By Resource Type -> I/Os" view   |
| Internal nodes activity     | Medium     | User specified less than 25% of internal nodes         | Provide missing internal nodes activity with simulation results or by editing the "By Resource Type" views |
| Device models               | High       | Device models are Production                           |                                                                                                            |
|                             |            |                                                        |                                                                                                            |
| Overall confidence level    | Low        |                                                        |                                                                                                            |
+-----------------------------+------------+--------------------------------------------------------+------------------------------------------------------------------------------------------------------------+


2. Settings
-----------

2.1 Environment
---------------

+-----------------------+------------------------+
| Ambient Temp (C)      | 25.0                   |
| ThetaJA (C/W)         | 11.5                   |
| Airflow (LFM)         | 250                    |
| Heat Sink             | none                   |
| ThetaSA (C/W)         | 0.0                    |
| Board Selection       | medium (10"x10")       |
| # of Board Layers     | 8to11 (8 to 11 Layers) |
| Board Temperature (C) | 25.0                   |
+-----------------------+------------------------+


2.2 Clock Constraints
---------------------

+-------------------------------+-------------------------------------------------------------+-----------------+
| Clock                         | Domain                                                      | Constraint (ns) |
+-------------------------------+-------------------------------------------------------------+-----------------+
| clk_fpga_0                    | design_2_i/processing_system7_0/inst/FCLK_CLK0              |            20.0 |
| clk_fpga_0                    | design_2_i/processing_system7_0/inst/FCLK_CLK_unbuffered[0] |            20.0 |
| clk_out1_design_2_clk_wiz_0_0 | design_2_i/clk_wiz_0/inst/clk_out1_design_2_clk_wiz_0_0     |            81.4 |
| clkfbout_design_2_clk_wiz_0_0 | design_2_i/clk_wiz_0/inst/clkfbout_design_2_clk_wiz_0_0     |            60.0 |
+-------------------------------+-------------------------------------------------------------+-----------------+


3. Detailed Reports
-------------------

3.1 By Hierarchy
----------------

+--------------------------+-----------+
| Name                     | Power (W) |
+--------------------------+-----------+
| design_2_wrapper         |     1.437 |
|   design_2_i             |     1.433 |
|     clk_wiz_0            |     0.122 |
|       inst               |     0.122 |
|     effect               |     0.051 |
|       AXI_ANF_0          |     0.002 |
|       AXI_pitch_shift_0  |     0.002 |
|       EQ                 |     0.004 |
|       reverb             |     0.043 |
|     processing_system7_0 |     1.256 |
|       inst               |     1.256 |
|     ps7_0_axi_periph     |     0.002 |
|       s00_couplers       |     0.001 |
+--------------------------+-----------+


