#-----------------------------------------------------------
# Vivado v2020.1 (64-bit)
# SW Build 2902540 on Wed May 27 19:54:49 MDT 2020
# IP Build 2902112 on Wed May 27 22:43:36 MDT 2020
# Start of session at: Fri Jun  9 17:11:34 2023
# Process ID: 16732
# Current directory: D:/YANLIU/KULeuven/course/master/thesis/Project/overlay_final_v2/overlay_final_v2
# Command line: vivado.exe -gui_launcher_event rodinguilauncherevent1980 D:\YANLIU\KULeuven\course\master\thesis\Project\overlay_final_v2\overlay_final_v2\overlay_final_v2.xpr
# Log file: D:/YANLIU/KULeuven/course/master/thesis/Project/overlay_final_v2/overlay_final_v2/vivado.log
# Journal file: D:/YANLIU/KULeuven/course/master/thesis/Project/overlay_final_v2/overlay_final_v2\vivado.jou
#-----------------------------------------------------------
start_gui
open_project D:/YANLIU/KULeuven/course/master/thesis/Project/overlay_final_v2/overlay_final_v2/overlay_final_v2.xpr
INFO: [ProjectBase 1-489] The host OS only allows 260 characters in a normal path. The project is stored in a path with more than 80 characters. If you experience issues with IP, Block Designs, or files not being found, please consider moving the project to a location with a shorter path. Alternately consider using the OS subst command to map part of the path to a drive letter.
Current project path is 'D:/YANLIU/KULeuven/course/master/thesis/Project/overlay_final_v2/overlay_final_v2'
Scanning sources...
Finished scanning sources
INFO: [IP_Flow 19-234] Refreshing IP repositories
WARNING: [IP_Flow 19-3685] Ignored loading user repository 'd:/YANLIU/KULeuven/course/master/thesis/Project/overlay_final_v2/IP/EQ/EQ.srcs/sources_1/new'. The path is contained within another repository.
INFO: [IP_Flow 19-1700] Loaded user IP repository 'd:/YANLIU/KULeuven/course/master/thesis/Project/overlay_final_v2/IP'.
WARNING: [IP_Flow 19-3685] Ignored loading user repository 'd:/YANLIU/KULeuven/course/master/thesis/Project/overlay_final_v2/IP/ip_Anf/ip_Anf.srcs/sources_1/new'. The path is contained within another repository.
WARNING: [IP_Flow 19-3685] Ignored loading user repository 'd:/YANLIU/KULeuven/course/master/thesis/Project/overlay_final_v2/IP/ip_pitch_shifting_real'. The path is contained within another repository.
WARNING: [IP_Flow 19-3685] Ignored loading user repository 'd:/YANLIU/KULeuven/course/master/thesis/Project/overlay_final_v2/IP/ip_apb_comb/ip_apb_comb.srcs/sources_1/new'. The path is contained within another repository.
INFO: [IP_Flow 19-2313] Loaded Vivado IP repository 'D:/Xilinx/Vivado/2020.1/data/ip'.
WARNING: [BD 41-1661] One or more IPs have been locked in the design 'design_2.bd'. Please run report_ip_status for more details and recommendations on how to fix this issue.
List of locked IPs:
design_2_AXI_pitch_shift_0_3

open_project: Time (s): cpu = 00:00:33 ; elapsed = 00:00:16 . Memory (MB): peak = 1014.992 ; gain = 0.000
update_compile_order -fileset sources_1
write_project_tcl -use_bd_files {D:/YANLIU/KULeuven/course/master/thesis/Project/overlay_final_v3/overlay_final_v3.runs/impl_1/overlay_final_v2.tcl}
INFO: [Vivado-projutils-8] Tcl script 'overlay_final_v2.tcl' generated in output directory 'D:/YANLIU/KULeuven/course/master/thesis/Project/overlay_final_v3/overlay_final_v3.runs/impl_1'

INFO: [Vivado-projutils-15] Please note that by default, the file path for the project source files were set wth respect to the 'origin_dir' variable in the
 generated script. When this script is executed from the output directory, these source files will be referenced with respect to this 'origin_dir' path value.
 In case this script was later moved to a different directory, the 'origin_dir' value must be set manually in the script with the path
 relative to the new output directory to make sure that the source files are referenced correctly from the original project. You can also set the
 'origin_dir' automatically by setting the 'origin_dir_loc' variable in the tcl shell before sourcing this generated script. The 'origin_dir_loc'
 variable should be set to the path relative to the new output directory. Alternatively, if you are sourcing the script from the Vivado command line,
 then set the origin dir using '-tclargs --origin_dir <path>'. For example, 'vivado -mode tcl -source overlay_final_v2.tcl -tclargs --origin_dir ".."

WARNING: [Vivado-projutils-10] Found source(s) that were local or imported into the project. If this project is being source controlled, then
 please ensure that the project source(s) are also part of this source controlled data. The list of these local source(s) can be found in the generated script
 under the header section.

write_project_tcl: Time (s): cpu = 00:00:27 ; elapsed = 00:00:23 . Memory (MB): peak = 1269.098 ; gain = 0.000
