
*** Running vivado
    with args -log design_2_AXI_comb_3_0.vds -m64 -product Vivado -mode batch -messageDb vivado.pb -notrace -source design_2_AXI_comb_3_0.tcl



****** Vivado v2020.1 (64-bit)
  **** SW Build 2902540 on Wed May 27 19:54:49 MDT 2020
  **** IP Build 2902112 on Wed May 27 22:43:36 MDT 2020
    ** Copyright 1986-2020 Xilinx, Inc. All Rights Reserved.

source design_2_AXI_comb_3_0.tcl -notrace
INFO: [IP_Flow 19-234] Refreshing IP repositories
WARNING: [IP_Flow 19-3685] Ignored loading user repository 'd:/YANLIU/KULeuven/course/master/thesis/Project/overlay_final_v2/IP/EQ/EQ.srcs/sources_1/new'. The path is contained within another repository.
INFO: [IP_Flow 19-1700] Loaded user IP repository 'd:/YANLIU/KULeuven/course/master/thesis/Project/overlay_final_v2/IP'.
WARNING: [IP_Flow 19-3685] Ignored loading user repository 'd:/YANLIU/KULeuven/course/master/thesis/Project/overlay_final_v2/IP/ip_Anf/ip_Anf.srcs/sources_1/new'. The path is contained within another repository.
WARNING: [IP_Flow 19-3685] Ignored loading user repository 'd:/YANLIU/KULeuven/course/master/thesis/Project/overlay_final_v2/IP/ip_pitch_shifting_real'. The path is contained within another repository.
WARNING: [IP_Flow 19-3685] Ignored loading user repository 'd:/YANLIU/KULeuven/course/master/thesis/Project/overlay_final_v2/IP/ip_apb_comb/ip_apb_comb.srcs/sources_1/new'. The path is contained within another repository.
INFO: [IP_Flow 19-2313] Loaded Vivado IP repository 'D:/Xilinx/Vivado/2020.1/data/ip'.
WARNING: [IP_Flow 19-4995] The host OS only allows 260 characters in a normal path. The IP cache path is more than 80 characters. If you experience issues with IP caching, please consider changing the IP cache to a location with a shorter path. Alternately consider using the OS subst command to map part of the path to a drive letter. 
Current IP cache path is d:/YANLIU/KULeuven/course/master/thesis/Project/overlay_final_v2/overlay_final_v2/overlay_final_v2.cache/ip 
Command: synth_design -top design_2_AXI_comb_3_0 -part xc7z020clg400-1 -mode out_of_context
Starting synth_design
WARNING: [IP_Flow 19-3571] IP 'design_2_AXI_comb_3_0' is restricted:
* Module reference is stale and needs refreshing.
Attempting to get a license for feature 'Synthesis' and/or device 'xc7z020'
INFO: [Common 17-349] Got license for feature 'Synthesis' and/or device 'xc7z020'
INFO: [Device 21-403] Loading part xc7z020clg400-1
INFO: [Synth 8-7079] Multithreading enabled for synth_design using a maximum of 2 processes.
INFO: [Synth 8-7078] Launching helper process for spawning children vivado processes
INFO: [Synth 8-7075] Helper process launched with PID 15688
---------------------------------------------------------------------------------
Starting RTL Elaboration : Time (s): cpu = 00:00:11 ; elapsed = 00:00:13 . Memory (MB): peak = 1014.488 ; gain = 0.000
---------------------------------------------------------------------------------
INFO: [Synth 8-6157] synthesizing module 'design_2_AXI_comb_3_0' [d:/YANLIU/KULeuven/course/master/thesis/Project/overlay_final_v2/overlay_final_v2/overlay_final_v2.srcs/sources_1/bd/design_2/ip/design_2_AXI_comb_3_0/synth/design_2_AXI_comb_3_0.v:58]
INFO: [Synth 8-6157] synthesizing module 'AXI_comb' [D:/YANLIU/KULeuven/course/master/thesis/Project/overlay_final_v2/overlay_final_v2/overlay_final_v2.srcs/sources_1/new/AXI_comb.v:23]
	Parameter data_width bound to: 24 - type: integer 
	Parameter Delay bound to: 2251 - type: integer 
	Parameter STATE_TYPE_idle bound to: 4'b0000 
	Parameter STATE_TYPE_transferred_left bound to: 4'b0001 
	Parameter STATE_TYPE_calculate1_left bound to: 4'b0010 
	Parameter STATE_TYPE_calculate2_left bound to: 4'b0011 
	Parameter STATE_TYPE_calculate3_left bound to: 4'b0100 
	Parameter STATE_TYPE_calculate4_left bound to: 4'b0101 
	Parameter STATE_TYPE_transferred0 bound to: 4'b0110 
	Parameter STATE_TYPE_delay_line1_left bound to: 4'b0111 
	Parameter STATE_TYPE_delay_line2_left bound to: 4'b1000 
	Parameter STATE_TYPE_transferred_right bound to: 4'b1001 
	Parameter STATE_TYPE_calculate1_right bound to: 4'b1010 
	Parameter STATE_TYPE_calculate2_right bound to: 4'b1011 
	Parameter STATE_TYPE_calculate3_right bound to: 4'b1100 
	Parameter STATE_TYPE_calculate4_right bound to: 4'b1101 
	Parameter STATE_TYPE_delay_line1_right bound to: 4'b1110 
	Parameter STATE_TYPE_delay_line2_right bound to: 4'b1111 
INFO: [Synth 8-226] default block is never used [D:/YANLIU/KULeuven/course/master/thesis/Project/overlay_final_v2/overlay_final_v2/overlay_final_v2.srcs/sources_1/new/AXI_comb.v:90]
INFO: [Synth 8-6155] done synthesizing module 'AXI_comb' (1#1) [D:/YANLIU/KULeuven/course/master/thesis/Project/overlay_final_v2/overlay_final_v2/overlay_final_v2.srcs/sources_1/new/AXI_comb.v:23]
INFO: [Synth 8-6155] done synthesizing module 'design_2_AXI_comb_3_0' (2#1) [d:/YANLIU/KULeuven/course/master/thesis/Project/overlay_final_v2/overlay_final_v2/overlay_final_v2.srcs/sources_1/bd/design_2/ip/design_2_AXI_comb_3_0/synth/design_2_AXI_comb_3_0.v:58]
---------------------------------------------------------------------------------
Finished RTL Elaboration : Time (s): cpu = 00:01:15 ; elapsed = 00:01:17 . Memory (MB): peak = 1367.062 ; gain = 352.574
---------------------------------------------------------------------------------
---------------------------------------------------------------------------------
Start Handling Custom Attributes
---------------------------------------------------------------------------------
---------------------------------------------------------------------------------
Finished Handling Custom Attributes : Time (s): cpu = 00:01:23 ; elapsed = 00:01:25 . Memory (MB): peak = 1367.062 ; gain = 352.574
---------------------------------------------------------------------------------
---------------------------------------------------------------------------------
Finished RTL Optimization Phase 1 : Time (s): cpu = 00:01:23 ; elapsed = 00:01:25 . Memory (MB): peak = 1367.062 ; gain = 352.574
---------------------------------------------------------------------------------
Netlist sorting complete. Time (s): cpu = 00:00:03 ; elapsed = 00:00:04 . Memory (MB): peak = 1367.062 ; gain = 0.000
INFO: [Project 1-570] Preparing netlist for logic optimization

Processing XDC Constraints
Initializing timing engine
Completed Processing XDC Constraints

Netlist sorting complete. Time (s): cpu = 00:00:00 ; elapsed = 00:00:00.088 . Memory (MB): peak = 1533.844 ; gain = 0.000
INFO: [Project 1-111] Unisim Transformation Summary:
No Unisim elements were transformed.

Constraint Validation Runtime : Time (s): cpu = 00:00:09 ; elapsed = 00:00:07 . Memory (MB): peak = 1588.949 ; gain = 55.105
---------------------------------------------------------------------------------
Finished Constraint Validation : Time (s): cpu = 00:02:29 ; elapsed = 00:02:30 . Memory (MB): peak = 1588.949 ; gain = 574.461
---------------------------------------------------------------------------------
---------------------------------------------------------------------------------
Start Loading Part and Timing Information
---------------------------------------------------------------------------------
Loading part: xc7z020clg400-1
---------------------------------------------------------------------------------
Finished Loading Part and Timing Information : Time (s): cpu = 00:02:29 ; elapsed = 00:02:30 . Memory (MB): peak = 1588.949 ; gain = 574.461
---------------------------------------------------------------------------------
---------------------------------------------------------------------------------
Finished RTL Optimization Phase 2 : Time (s): cpu = 00:03:41 ; elapsed = 00:03:45 . Memory (MB): peak = 1588.949 ; gain = 574.461
---------------------------------------------------------------------------------
---------------------------------------------------------------------------------
Start RTL Component Statistics 
---------------------------------------------------------------------------------
Detailed RTL Component Info : 
+---Adders : 
	   2 Input   48 Bit       Adders := 2     
+---Registers : 
	               48 Bit    Registers := 10    
	               24 Bit    Registers := 4510  
	                4 Bit    Registers := 1     
	                1 Bit    Registers := 4     
+---Muxes : 
	  18 Input    4 Bit        Muxes := 1     
	  16 Input    1 Bit        Muxes := 20    
---------------------------------------------------------------------------------
Finished RTL Component Statistics 
---------------------------------------------------------------------------------
---------------------------------------------------------------------------------
Start Part Resource Summary
---------------------------------------------------------------------------------
Part Resources:
DSPs: 220 (col length:60)
BRAMs: 280 (col length: RAMB18 60 RAMB36 30)
---------------------------------------------------------------------------------
Finished Part Resource Summary
---------------------------------------------------------------------------------
---------------------------------------------------------------------------------
Start Cross Boundary and Area Optimization
---------------------------------------------------------------------------------
DSP Report: Generating DSP r_y0, operation Mode is: A*(B:0x6666).
DSP Report: operator r_y0 is absorbed into DSP r_y0.
DSP Report: operator r_y0 is absorbed into DSP r_y0.
DSP Report: Generating DSP r_y0, operation Mode is: (PCIN>>17)+A*(B:0x33).
DSP Report: operator r_y0 is absorbed into DSP r_y0.
DSP Report: operator r_y0 is absorbed into DSP r_y0.
DSP Report: Generating DSP r_y_right0, operation Mode is: A*(B:0x6666).
DSP Report: operator r_y_right0 is absorbed into DSP r_y_right0.
DSP Report: operator r_y_right0 is absorbed into DSP r_y_right0.
DSP Report: Generating DSP r_y_right0, operation Mode is: (PCIN>>17)+A*(B:0x33).
DSP Report: operator r_y_right0 is absorbed into DSP r_y_right0.
DSP Report: operator r_y_right0 is absorbed into DSP r_y_right0.
---------------------------------------------------------------------------------
Finished Cross Boundary and Area Optimization : Time (s): cpu = 00:04:33 ; elapsed = 00:04:38 . Memory (MB): peak = 1588.949 ; gain = 574.461
---------------------------------------------------------------------------------
---------------------------------------------------------------------------------
Start ROM, RAM, DSP and Shift Register Reporting
---------------------------------------------------------------------------------

DSP: Preliminary Mapping	Report (see note below)
+------------+-----------------------+--------+--------+--------+--------+--------+------+------+------+------+-------+------+------+
|Module Name | DSP Mapping           | A Size | B Size | C Size | D Size | P Size | AREG | BREG | CREG | DREG | ADREG | MREG | PREG | 
+------------+-----------------------+--------+--------+--------+--------+--------+------+------+------+------+-------+------+------+
|AXI_comb    | A*(B:0x6666)          | 24     | 16     | -      | -      | 48     | 0    | 0    | -    | -    | -     | 0    | 0    | 
|AXI_comb    | (PCIN>>17)+A*(B:0x33) | 24     | 7      | -      | -      | 48     | 0    | 0    | -    | -    | -     | 0    | 0    | 
|AXI_comb    | A*(B:0x6666)          | 24     | 16     | -      | -      | 48     | 0    | 0    | -    | -    | -     | 0    | 0    | 
|AXI_comb    | (PCIN>>17)+A*(B:0x33) | 24     | 7      | -      | -      | 31     | 0    | 0    | -    | -    | -     | 0    | 0    | 
+------------+-----------------------+--------+--------+--------+--------+--------+------+------+------+------+-------+------+------+

Note: The table above is a preliminary report that shows the DSPs inferred at the current stage of the synthesis flow. Some DSP may be reimplemented as non DSP primitives later in the synthesis flow. Multiple instantiated DSPs are reported only once.
---------------------------------------------------------------------------------
Finished ROM, RAM, DSP and Shift Register Reporting
---------------------------------------------------------------------------------
---------------------------------------------------------------------------------
Start Applying XDC Timing Constraints
---------------------------------------------------------------------------------
---------------------------------------------------------------------------------
Finished Applying XDC Timing Constraints : Time (s): cpu = 00:04:56 ; elapsed = 00:05:01 . Memory (MB): peak = 1588.949 ; gain = 574.461
---------------------------------------------------------------------------------
---------------------------------------------------------------------------------
Start Timing Optimization
---------------------------------------------------------------------------------
---------------------------------------------------------------------------------
Finished Timing Optimization : Time (s): cpu = 00:04:56 ; elapsed = 00:05:01 . Memory (MB): peak = 1588.949 ; gain = 574.461
---------------------------------------------------------------------------------
---------------------------------------------------------------------------------
Start Technology Mapping
---------------------------------------------------------------------------------
---------------------------------------------------------------------------------
Finished Technology Mapping : Time (s): cpu = 00:05:05 ; elapsed = 00:05:10 . Memory (MB): peak = 1588.949 ; gain = 574.461
---------------------------------------------------------------------------------
---------------------------------------------------------------------------------
Start IO Insertion
---------------------------------------------------------------------------------
---------------------------------------------------------------------------------
Start Flattening Before IO Insertion
---------------------------------------------------------------------------------
---------------------------------------------------------------------------------
Finished Flattening Before IO Insertion
---------------------------------------------------------------------------------
---------------------------------------------------------------------------------
Start Final Netlist Cleanup
---------------------------------------------------------------------------------
---------------------------------------------------------------------------------
Finished Final Netlist Cleanup
---------------------------------------------------------------------------------
---------------------------------------------------------------------------------
Finished IO Insertion : Time (s): cpu = 00:05:10 ; elapsed = 00:05:15 . Memory (MB): peak = 1588.949 ; gain = 574.461
---------------------------------------------------------------------------------
---------------------------------------------------------------------------------
Start Renaming Generated Instances
---------------------------------------------------------------------------------
---------------------------------------------------------------------------------
Finished Renaming Generated Instances : Time (s): cpu = 00:05:10 ; elapsed = 00:05:15 . Memory (MB): peak = 1588.949 ; gain = 574.461
---------------------------------------------------------------------------------
---------------------------------------------------------------------------------
Start Rebuilding User Hierarchy
---------------------------------------------------------------------------------
---------------------------------------------------------------------------------
Finished Rebuilding User Hierarchy : Time (s): cpu = 00:05:10 ; elapsed = 00:05:15 . Memory (MB): peak = 1588.949 ; gain = 574.461
---------------------------------------------------------------------------------
---------------------------------------------------------------------------------
Start Renaming Generated Ports
---------------------------------------------------------------------------------
---------------------------------------------------------------------------------
Finished Renaming Generated Ports : Time (s): cpu = 00:05:10 ; elapsed = 00:05:15 . Memory (MB): peak = 1588.949 ; gain = 574.461
---------------------------------------------------------------------------------
---------------------------------------------------------------------------------
Start Handling Custom Attributes
---------------------------------------------------------------------------------
---------------------------------------------------------------------------------
Finished Handling Custom Attributes : Time (s): cpu = 00:05:10 ; elapsed = 00:05:15 . Memory (MB): peak = 1588.949 ; gain = 574.461
---------------------------------------------------------------------------------
---------------------------------------------------------------------------------
Start Renaming Generated Nets
---------------------------------------------------------------------------------
---------------------------------------------------------------------------------
Finished Renaming Generated Nets : Time (s): cpu = 00:05:10 ; elapsed = 00:05:15 . Memory (MB): peak = 1588.949 ; gain = 574.461
---------------------------------------------------------------------------------
---------------------------------------------------------------------------------
Start ROM, RAM, DSP and Shift Register Reporting
---------------------------------------------------------------------------------

Static Shift Register Report:
+--------------+----------------------------+--------+-------+--------------+--------------------+-------------------+--------+---------+
|Module Name   | RTL Name                   | Length | Width | Reset Signal | Pull out first Reg | Pull out last Reg | SRL16E | SRLC32E | 
+--------------+----------------------------+--------+-------+--------------+--------------------+-------------------+--------+---------+
|AXI_comb__GB0 | buffer_right_reg[1137][23] | 1114   | 24    | NO           | NO                 | YES               | 0      | 840     | 
|AXI_comb__GB1 | buffer_right_reg[0][23]    | 1137   | 24    | NO           | YES                | YES               | 0      | 864     | 
|AXI_comb__GB2 | buffer_reg[0][23]          | 1125   | 24    | NO           | YES                | YES               | 0      | 864     | 
|AXI_comb__GB3 | buffer_reg[1125][23]       | 1125   | 24    | NO           | YES                | YES               | 0      | 864     | 
+--------------+----------------------------+--------+-------+--------------+--------------------+-------------------+--------+---------+

---------------------------------------------------------------------------------
Finished ROM, RAM, DSP and Shift Register Reporting
---------------------------------------------------------------------------------
---------------------------------------------------------------------------------
Start Writing Synthesis Report
---------------------------------------------------------------------------------

Report BlackBoxes: 
+-+--------------+----------+
| |BlackBox name |Instances |
+-+--------------+----------+
+-+--------------+----------+

Report Cell Usage: 
+------+--------+------+
|      |Cell    |Count |
+------+--------+------+
|1     |CARRY4  |    24|
|2     |DSP48E1 |     4|
|6     |LUT1    |    47|
|7     |LUT2    |    50|
|8     |LUT3    |    25|
|9     |LUT4    |     6|
|10    |LUT5    |    37|
|11    |LUT6    |     4|
|12    |SRLC32E |  3432|
|13    |FDCE    |   149|
|14    |FDRE    |   340|
+------+--------+------+
---------------------------------------------------------------------------------
Finished Writing Synthesis Report : Time (s): cpu = 00:05:10 ; elapsed = 00:05:15 . Memory (MB): peak = 1588.949 ; gain = 574.461
---------------------------------------------------------------------------------
Synthesis finished with 0 errors, 0 critical warnings and 0 warnings.
Synthesis Optimization Runtime : Time (s): cpu = 00:02:56 ; elapsed = 00:04:27 . Memory (MB): peak = 1588.949 ; gain = 352.574
Synthesis Optimization Complete : Time (s): cpu = 00:05:10 ; elapsed = 00:05:15 . Memory (MB): peak = 1588.949 ; gain = 574.461
INFO: [Project 1-571] Translating synthesized netlist
Netlist sorting complete. Time (s): cpu = 00:00:00 ; elapsed = 00:00:00.107 . Memory (MB): peak = 1588.949 ; gain = 0.000
INFO: [Netlist 29-17] Analyzing 28 Unisim elements for replacement
INFO: [Netlist 29-28] Unisim Transformation completed in 0 CPU seconds
WARNING: [Netlist 29-101] Netlist 'design_2_AXI_comb_3_0' is not ideal for floorplanning, since the cellview 'AXI_comb' contains a large number of primitives.  Please consider enabling hierarchy in synthesis if you want to do floorplanning.
INFO: [Project 1-570] Preparing netlist for logic optimization
INFO: [Opt 31-138] Pushed 0 inverter(s) to 0 load pin(s).
Netlist sorting complete. Time (s): cpu = 00:00:00 ; elapsed = 00:00:00.001 . Memory (MB): peak = 1588.949 ; gain = 0.000
INFO: [Project 1-111] Unisim Transformation Summary:
No Unisim elements were transformed.

INFO: [Common 17-83] Releasing license: Synthesis
22 Infos, 7 Warnings, 0 Critical Warnings and 0 Errors encountered.
synth_design completed successfully
synth_design: Time (s): cpu = 00:05:22 ; elapsed = 00:05:29 . Memory (MB): peak = 1588.949 ; gain = 574.461
INFO: [Common 17-1381] The checkpoint 'D:/YANLIU/KULeuven/course/master/thesis/Project/overlay_final_v2/overlay_final_v2/overlay_final_v2.runs/design_2_AXI_comb_3_0_synth_1/design_2_AXI_comb_3_0.dcp' has been generated.
WARNING: [Common 17-576] 'use_project_ipc' is deprecated. This option is deprecated and no longer used.
INFO: [Common 17-1381] The checkpoint 'D:/YANLIU/KULeuven/course/master/thesis/Project/overlay_final_v2/overlay_final_v2/overlay_final_v2.runs/design_2_AXI_comb_3_0_synth_1/design_2_AXI_comb_3_0.dcp' has been generated.
INFO: [runtcl-4] Executing : report_utilization -file design_2_AXI_comb_3_0_utilization_synth.rpt -pb design_2_AXI_comb_3_0_utilization_synth.pb
INFO: [Common 17-206] Exiting Vivado at Sun May 14 22:33:12 2023...
